@@TIMESTAMP 0

-------------------------------------------------------------------------
|    ___ _   _ ___                                                      |
|   / __| | | |_  )   Release 4.0.2  "Cardinal"                         |
|   \__ \ |_| |/ /                                                      |
|   |___/\___//___|   Suite (Computational Fluid Dynamics Code)         |
|                                                                       |
|   Local date and time: Mon Jan 29 20:49:41 2018.                      |
-------------------------------------------------------------------------
| SU2 Lead Dev.: Dr. Francisco Palacios, Francisco.D.Palacios@boeing.com|
|                Dr. Thomas D. Economon, economon@stanford.edu          |
-------------------------------------------------------------------------
| SU2 Developers:                                                       |
| - Prof. Juan J. Alonso's group at Stanford University.                |
| - Prof. Piero Colonna's group at Delft University of Technology.      |
| - Prof. Nicolas R. Gauger's group at Kaiserslautern U. of Technology. |
| - Prof. Alberto Guardone's group at Polytechnic University of Milan.  |
| - Prof. Rafael Palacios' group at Imperial College London.            |
-------------------------------------------------------------------------
| Copyright (C) 2012-2015 SU2, the open-source CFD code.                |
|                                                                       |
| SU2 is free software; you can redistribute it and/or                  |
| modify it under the terms of the GNU Lesser General Public            |
| License as published by the Free Software Foundation; either          |
@@TIMESTAMP 0
| version 2.1 of the License, or (at your option) any later version.    |
|                                                                       |
| SU2 is distributed in the hope that it will be useful,                |
| but WITHOUT ANY WARRANTY; without even the implied warranty of        |
| MERCHANTABILITY or FITNESS FOR A PARTICULAR PURPOSE. See the GNU      |
| Lesser General Public License for more details.                       |
|                                                                       |
| You should have received a copy of the GNU Lesser General Public      |
| License along with SU2. If not, see <http://www.gnu.org/licenses/>.   |
-------------------------------------------------------------------------

------------------------ Physical Case Definition -----------------------
Compressible Euler equations.
Mach number: 1.00000000000000002082e-02.
Angle of attack (AoA): 0.00000000000000000000e+00 deg, and angle of sideslip (AoS): 0.00000000000000000000e+00 deg.
Performing a dynamic mesh simulation: Read flow solution from: initial_flow.dat.
Dimensional simulation.
The reference length/area (force coefficient) is 1.00000000000000000000e+00.
The reference length (moment computation) is 1.00000000000000000000e+00.
Reference origin (moment computation) is (1.68078603099085367147e-316, 1.67933308273956373363e-316, 1.67733468601526505961e-316).
Surface(s) where the force coefficients are evaluated: Surface(s) plotted in the output file: 
Surface(s) belonging to the Fluid-Structure Interaction problem: 
Input mesh file name: fluidMesh.su2

---------------------- Space Numerical Integration ----------------------
Jameson-Schmidt-Turkel scheme for the flow inviscid terms.
JST viscous coefficients (1st, 2nd & 4th): 1.49999999999999994449e-01, 5.00000000000000000000e-01, 2.00000000000000004163e-02.
The method includes a grid stretching correction (p = 0.3).
Second order integration.
Gradient computation using Green-Gauss theorem.

---------------------- Time Numerical Integration -----------------------
Unsteady simulation, dual time stepping strategy (first order in time).
Unsteady time step provided by the user (s): 1.00000000000000002082e-02.
Total number of internal Dual Time iterations: 200.
Euler implicit method for the flow equations.
V Multigrid Cycle, with 3 multigrid levels.
Damping factor for the residual restriction: 9.00000000000000022204e-01.
Damping factor for the correction prolongation: 9.00000000000000022204e-01.
CFL adaptation. Factor down: 1.50000000000000000000e+00, factor up: 5.00000000000000000000e-01,
                lower limit: 1.00000000000000000000e+00, upper limit: 1.00000000000000000000e+02.
Multigrid Level:                       0     1     2     3
Courant-Friedrichs-Lewy number:   2.000e+00
MG PreSmooth coefficients:             1     2     3     3
MG PostSmooth coefficients:            0     0     0     0
MG CorrecSmooth coefficients:          0     0     0     0

------------------------- Convergence Criteria --------------------------
Maximum number of iterations: 999999.
Reduce the density residual 1.000e+00 orders of magnitude.
The minimum bound for the density residual is 10^(-3.500e+00).
Start convergence criteria at iteration 10.

-------------------------- Output Information ---------------------------
Writing a flow solution every 1 iterations.
Writing the convergence history every 1 iterations.
Writing the dual time flow solution every 1 iterations.
Writing the dual time convergence history every 1 iterations.
The output file format is Paraview ASCII (.vtk).
Convergence history file name: history.
Forces breakdown file name: forces_breakdown.dat.
Surface flow coefficients file name: surface_flow.
Flow variables file name: flow.
Restart flow file name: restart_flow.dat.

------------------- Config File Boundary Information --------------------
Euler wall boundary marker(s): upper_wall, lower_wall, wetSurface0.
Symmetry plane boundary marker(s): symmetry.
Inlet boundary marker(s): inlet.
Outlet boundary marker(s): outlet.

---------------------- Read Grid File Information -----------------------
Three dimensional problem.
286 points.
@@TIMESTAMP 2
6 surface markers.
4 boundary elements in index 0 (Marker = inlet).
@@TIMESTAMP 2
4 boundary elements in index 1 (Marker = outlet).
12 boundary elements in index 2 (Marker = lower_wall).
6 boundary elements in index 3 (Marker = upper_wall).
11 boundary elements in index 4 (Marker = wetSurface0).
494 boundary elements in index 5 (Marker = symmetry).
@@TIMESTAMP 3
247 prisms.
@@TIMESTAMP 4

------------------------- Geometry Preprocessing ------------------------
Setting point connectivity.
@@TIMESTAMP 4
Renumbering points (Reverse Cuthill McKee Ordering).
@@TIMESTAMP 4
Recomputing point connectivity.
@@TIMESTAMP 5
Setting element connectivity.
@@TIMESTAMP 7
Checking the numerical grid orientation.
@@TIMESTAMP 7
Identifying edges and vertices.
@@TIMESTAMP 8
Computing centers of gravity.
@@TIMESTAMP 8
Setting the control volume structure.
@@TIMESTAMP 9
Volume of the computational grid: 7.170e+00.
@@TIMESTAMP 9
Searching for the closest normal neighbors to the surfaces.
@@TIMESTAMP 9
Compute the surface curvature.
@@TIMESTAMP 10
Max K: 5.471e+01. Mean K: 1.120e+01. Standard deviation K: 1.655e+01.
@@TIMESTAMP 10
Setting the multigrid structure.
@@TIMESTAMP 10
Computing wall distances.
@@TIMESTAMP 10
Area projection in the z-plane = 0.000e+00.

------------------------- Driver Preprocessing --------------------------
Instantiating a single zone driver for the problem. 

------------------------ Iteration Preprocessing ------------------------
Zone 1: Euler/Navier-Stokes/RANS flow iteration.

------------------------- Solver Preprocessing --------------------------
@@TIMESTAMP 10
Inviscid flow: Computing density based on free-stream
temperature and pressure using the ideal gas law.
Force coefficients computed using MACH_MOTION.
-- Input conditions:
Fluid Model: STANDARD_AIR 
Specific gas constant: 2.870580e+02 N.m/kg.K.
Specific gas constant (non-dim): 2.870580e+02
Specific Heat Ratio: 1.400000e+00
Free-stream static pressure: 1.013000e+05 Pa.
Free-stream total pressure: 1.013071e+05 Pa.
Free-stream temperature: 2.880000e+02 K.
Free-stream density: 1.225314e+00 kg/m^3.
Free-stream velocity: (3.402084e+00, 0.000000e+00, 0.000000e+00) m/s. Magnitude: 3.402084e+00 m/s.
Free-stream total energy per unit mass: 2.066875e+05 m^2/s^2.
Total time: 6.000000e+00 s. Time step: 1.000000e-02 s.
-- Reference values:
Reference specific gas constant: 1.000000e+00 N.m/kg.K.
Reference pressure: 1.000000e+00 Pa.
Reference temperature: 1.000000e+00 K.
Reference density: 1.000000e+00 kg/m^3.
Reference velocity: 1.000000e+00 m/s.
@@TIMESTAMP 10
Reference energy per unit mass: 1.000000e+00 m^2/s^2.
Reference time: 1.000000e+00 s.
-- Resulting non-dimensional state:
Mach number (non-dim): 1.000000e-02
Specific gas constant (non-dim): 2.870580e+02
Free-stream temperature (non-dim): 2.880000e+02
Free-stream pressure (non-dim): 1.013000e+05
Free-stream density (non-dim): 1.225314e+00
Free-stream velocity (non-dim): (3.402084e+00, 0.000000e+00, 0.000000e+00). Magnitude: 3.402084e+00
Free-stream total energy per unit mass (non-dim): 2.066875e+05
Total time (non-dim): 6.000000e+00
Time step (non-dim): 1.000000e-02

Initialize Jacobian structure (Euler). MG level: 0.
@@TIMESTAMP 11
There is no flow restart file!! initial_flow_00000.dat.
